[26/Oct/2018 04:01:45] DEBUG [django.db.backends.schema:124] CREATE TABLE "django_migrations" ("id" serial NOT NULL PRIMARY KEY, "app" varchar(255) NOT NULL, "name" varchar(255) NOT NULL, "applied" timestamp with time zone NOT NULL); (params None)
[26/Oct/2018 04:01:45] DEBUG [django.db.backends.schema:124] CREATE TABLE "django_content_type" ("id" serial NOT NULL PRIMARY KEY, "name" varchar(100) NOT NULL, "app_label" varchar(100) NOT NULL, "model" varchar(100) NOT NULL); (params None)
[26/Oct/2018 04:01:45] DEBUG [django.db.backends.schema:124] ALTER TABLE "django_content_type" ADD CONSTRAINT "django_content_type_app_label_model_76bd3d3b_uniq" UNIQUE ("app_label", "model"); (params ())
[26/Oct/2018 04:01:45] DEBUG [django.db.backends.schema:124] CREATE TABLE "auth_permission" ("id" serial NOT NULL PRIMARY KEY, "name" varchar(50) NOT NULL, "content_type_id" integer NOT NULL, "codename" varchar(100) NOT NULL); (params None)
[26/Oct/2018 04:01:45] DEBUG [django.db.backends.schema:124] CREATE TABLE "auth_group" ("id" serial NOT NULL PRIMARY KEY, "name" varchar(80) NOT NULL UNIQUE); (params None)
[26/Oct/2018 04:01:45] DEBUG [django.db.backends.schema:124] CREATE TABLE "auth_group_permissions" ("id" serial NOT NULL PRIMARY KEY, "group_id" integer NOT NULL, "permission_id" integer NOT NULL); (params None)
[26/Oct/2018 04:01:45] DEBUG [django.db.backends.schema:124] CREATE TABLE "auth_user" ("id" serial NOT NULL PRIMARY KEY, "password" varchar(128) NOT NULL, "last_login" timestamp with time zone NOT NULL, "is_superuser" boolean NOT NULL, "username" varchar(30) NOT NULL UNIQUE, "first_name" varchar(30) NOT NULL, "last_name" varchar(30) NOT NULL, "email" varchar(75) NOT NULL, "is_staff" boolean NOT NULL, "is_active" boolean NOT NULL, "date_joined" timestamp with time zone NOT NULL); (params None)
[26/Oct/2018 04:01:46] DEBUG [django.db.backends.schema:124] CREATE TABLE "auth_user_groups" ("id" serial NOT NULL PRIMARY KEY, "user_id" integer NOT NULL, "group_id" integer NOT NULL); (params None)
[26/Oct/2018 04:01:46] DEBUG [django.db.backends.schema:124] CREATE TABLE "auth_user_user_permissions" ("id" serial NOT NULL PRIMARY KEY, "user_id" integer NOT NULL, "permission_id" integer NOT NULL); (params None)
[26/Oct/2018 04:01:46] DEBUG [django.db.backends.schema:124] ALTER TABLE "auth_permission" ADD CONSTRAINT "auth_permission_content_type_id_2f476e4b_fk_django_co" FOREIGN KEY ("content_type_id") REFERENCES "django_content_type" ("id") DEFERRABLE INITIALLY DEFERRED; (params ())
[26/Oct/2018 04:01:46] DEBUG [django.db.backends.schema:124] ALTER TABLE "auth_permission" ADD CONSTRAINT "auth_permission_content_type_id_codename_01ab375a_uniq" UNIQUE ("content_type_id", "codename"); (params ())
[26/Oct/2018 04:01:46] DEBUG [django.db.backends.schema:124] CREATE INDEX "auth_permission_content_type_id_2f476e4b" ON "auth_permission" ("content_type_id"); (params ())
[26/Oct/2018 04:01:46] DEBUG [django.db.backends.schema:124] CREATE INDEX "auth_group_name_a6ea08ec_like" ON "auth_group" ("name" varchar_pattern_ops); (params ())
[26/Oct/2018 04:01:46] DEBUG [django.db.backends.schema:124] ALTER TABLE "auth_group_permissions" ADD CONSTRAINT "auth_group_permissions_group_id_b120cbf9_fk_auth_group_id" FOREIGN KEY ("group_id") REFERENCES "auth_group" ("id") DEFERRABLE INITIALLY DEFERRED; (params ())
[26/Oct/2018 04:01:46] DEBUG [django.db.backends.schema:124] ALTER TABLE "auth_group_permissions" ADD CONSTRAINT "auth_group_permissio_permission_id_84c5c92e_fk_auth_perm" FOREIGN KEY ("permission_id") REFERENCES "auth_permission" ("id") DEFERRABLE INITIALLY DEFERRED; (params ())
[26/Oct/2018 04:01:46] DEBUG [django.db.backends.schema:124] ALTER TABLE "auth_group_permissions" ADD CONSTRAINT "auth_group_permissions_group_id_permission_id_0cd325b0_uniq" UNIQUE ("group_id", "permission_id"); (params ())
[26/Oct/2018 04:01:46] DEBUG [django.db.backends.schema:124] CREATE INDEX "auth_group_permissions_group_id_b120cbf9" ON "auth_group_permissions" ("group_id"); (params ())
[26/Oct/2018 04:01:46] DEBUG [django.db.backends.schema:124] CREATE INDEX "auth_group_permissions_permission_id_84c5c92e" ON "auth_group_permissions" ("permission_id"); (params ())
[26/Oct/2018 04:01:46] DEBUG [django.db.backends.schema:124] CREATE INDEX "auth_user_username_6821ab7c_like" ON "auth_user" ("username" varchar_pattern_ops); (params ())
[26/Oct/2018 04:01:46] DEBUG [django.db.backends.schema:124] ALTER TABLE "auth_user_groups" ADD CONSTRAINT "auth_user_groups_user_id_6a12ed8b_fk_auth_user_id" FOREIGN KEY ("user_id") REFERENCES "auth_user" ("id") DEFERRABLE INITIALLY DEFERRED; (params ())
[26/Oct/2018 04:01:46] DEBUG [django.db.backends.schema:124] ALTER TABLE "auth_user_groups" ADD CONSTRAINT "auth_user_groups_group_id_97559544_fk_auth_group_id" FOREIGN KEY ("group_id") REFERENCES "auth_group" ("id") DEFERRABLE INITIALLY DEFERRED; (params ())
[26/Oct/2018 04:01:46] DEBUG [django.db.backends.schema:124] ALTER TABLE "auth_user_groups" ADD CONSTRAINT "auth_user_groups_user_id_group_id_94350c0c_uniq" UNIQUE ("user_id", "group_id"); (params ())
[26/Oct/2018 04:01:46] DEBUG [django.db.backends.schema:124] CREATE INDEX "auth_user_groups_user_id_6a12ed8b" ON "auth_user_groups" ("user_id"); (params ())
[26/Oct/2018 04:01:46] DEBUG [django.db.backends.schema:124] CREATE INDEX "auth_user_groups_group_id_97559544" ON "auth_user_groups" ("group_id"); (params ())
[26/Oct/2018 04:01:46] DEBUG [django.db.backends.schema:124] ALTER TABLE "auth_user_user_permissions" ADD CONSTRAINT "auth_user_user_permissions_user_id_a95ead1b_fk_auth_user_id" FOREIGN KEY ("user_id") REFERENCES "auth_user" ("id") DEFERRABLE INITIALLY DEFERRED; (params ())
[26/Oct/2018 04:01:46] DEBUG [django.db.backends.schema:124] ALTER TABLE "auth_user_user_permissions" ADD CONSTRAINT "auth_user_user_permi_permission_id_1fbb5f2c_fk_auth_perm" FOREIGN KEY ("permission_id") REFERENCES "auth_permission" ("id") DEFERRABLE INITIALLY DEFERRED; (params ())
[26/Oct/2018 04:01:46] DEBUG [django.db.backends.schema:124] ALTER TABLE "auth_user_user_permissions" ADD CONSTRAINT "auth_user_user_permissions_user_id_permission_id_14a6b632_uniq" UNIQUE ("user_id", "permission_id"); (params ())
[26/Oct/2018 04:01:46] DEBUG [django.db.backends.schema:124] CREATE INDEX "auth_user_user_permissions_user_id_a95ead1b" ON "auth_user_user_permissions" ("user_id"); (params ())
[26/Oct/2018 04:01:46] DEBUG [django.db.backends.schema:124] CREATE INDEX "auth_user_user_permissions_permission_id_1fbb5f2c" ON "auth_user_user_permissions" ("permission_id"); (params ())
[26/Oct/2018 04:01:46] DEBUG [django.db.backends.schema:124] CREATE TABLE "django_admin_log" ("id" serial NOT NULL PRIMARY KEY, "action_time" timestamp with time zone NOT NULL, "object_id" text NULL, "object_repr" varchar(200) NOT NULL, "action_flag" smallint NOT NULL CHECK ("action_flag" >= 0), "change_message" text NOT NULL, "content_type_id" integer NULL, "user_id" integer NOT NULL); (params None)
[26/Oct/2018 04:01:46] DEBUG [django.db.backends.schema:124] ALTER TABLE "django_admin_log" ADD CONSTRAINT "django_admin_log_content_type_id_c4bce8eb_fk_django_co" FOREIGN KEY ("content_type_id") REFERENCES "django_content_type" ("id") DEFERRABLE INITIALLY DEFERRED; (params ())
[26/Oct/2018 04:01:46] DEBUG [django.db.backends.schema:124] ALTER TABLE "django_admin_log" ADD CONSTRAINT "django_admin_log_user_id_c564eba6_fk_auth_user_id" FOREIGN KEY ("user_id") REFERENCES "auth_user" ("id") DEFERRABLE INITIALLY DEFERRED; (params ())
[26/Oct/2018 04:01:46] DEBUG [django.db.backends.schema:124] CREATE INDEX "django_admin_log_content_type_id_c4bce8eb" ON "django_admin_log" ("content_type_id"); (params ())
[26/Oct/2018 04:01:46] DEBUG [django.db.backends.schema:124] CREATE INDEX "django_admin_log_user_id_c564eba6" ON "django_admin_log" ("user_id"); (params ())
[26/Oct/2018 04:01:47] DEBUG [django.db.backends.schema:124] ALTER TABLE "django_content_type" ALTER COLUMN "name" DROP NOT NULL; (params [])
[26/Oct/2018 04:01:47] DEBUG [django.db.backends.schema:124] ALTER TABLE "django_content_type" DROP COLUMN "name" CASCADE; (params ())
[26/Oct/2018 04:01:47] DEBUG [django.db.backends.schema:124] ALTER TABLE "auth_permission" ALTER COLUMN "name" TYPE varchar(255) USING "name"::varchar(255); (params [])
[26/Oct/2018 04:01:47] DEBUG [django.db.backends.schema:124] ALTER TABLE "auth_user" ALTER COLUMN "email" TYPE varchar(254) USING "email"::varchar(254); (params [])
[26/Oct/2018 04:01:47] DEBUG [django.db.backends.schema:124] ALTER TABLE "auth_user" ALTER COLUMN "last_login" DROP NOT NULL; (params [])
[26/Oct/2018 04:01:47] DEBUG [django.db.backends.schema:124] ALTER TABLE "auth_user" ALTER COLUMN "username" TYPE varchar(150) USING "username"::varchar(150); (params [])
[26/Oct/2018 04:01:47] DEBUG [django.db.backends.schema:124] ALTER TABLE "auth_user" ALTER COLUMN "last_name" TYPE varchar(150) USING "last_name"::varchar(150); (params [])
[26/Oct/2018 04:01:47] DEBUG [django.db.backends.schema:124] CREATE TABLE "authtoken_token" ("key" varchar(40) NOT NULL PRIMARY KEY, "created" timestamp with time zone NOT NULL, "user_id" integer NOT NULL UNIQUE); (params None)
[26/Oct/2018 04:01:47] DEBUG [django.db.backends.schema:124] ALTER TABLE "authtoken_token" ADD CONSTRAINT "authtoken_token_user_id_35299eff_fk_auth_user_id" FOREIGN KEY ("user_id") REFERENCES "auth_user" ("id") DEFERRABLE INITIALLY DEFERRED; (params ())
[26/Oct/2018 04:01:47] DEBUG [django.db.backends.schema:124] CREATE INDEX "authtoken_token_key_10f0b77e_like" ON "authtoken_token" ("key" varchar_pattern_ops); (params ())
[26/Oct/2018 04:01:47] DEBUG [django.db.backends.schema:124] SET CONSTRAINTS "authtoken_token_user_id_35299eff_fk_auth_user_id" IMMEDIATE; ALTER TABLE "authtoken_token" DROP CONSTRAINT "authtoken_token_user_id_35299eff_fk_auth_user_id"; (params ())
[26/Oct/2018 04:01:47] DEBUG [django.db.backends.schema:124] ALTER TABLE "authtoken_token" ADD CONSTRAINT "authtoken_token_user_id_35299eff_fk_auth_user_id" FOREIGN KEY ("user_id") REFERENCES "auth_user" ("id") DEFERRABLE INITIALLY DEFERRED; (params ())
[26/Oct/2018 04:01:47] DEBUG [django.db.backends.schema:124] CREATE TABLE "mainapp_announcements" ("id" serial NOT NULL PRIMARY KEY, "dateadded" timestamp with time zone NOT NULL, "priority" varchar(20) NOT NULL, "description" text NOT NULL, "image" varchar(100) NOT NULL, "upload" varchar(100) NOT NULL, "is_pinned" boolean NOT NULL); (params None)
[26/Oct/2018 04:01:47] DEBUG [django.db.backends.schema:124] CREATE TABLE "mainapp_contributor" ("id" serial NOT NULL PRIMARY KEY, "district" varchar(15) NOT NULL, "name" varchar(100) NOT NULL, "phone" varchar(14) NOT NULL, "address" text NOT NULL, "contrib_details" text NOT NULL, "status" varchar(10) NOT NULL, "contribution_type" varchar(3) NOT NULL); (params None)
[26/Oct/2018 04:01:47] DEBUG [django.db.backends.schema:124] CREATE TABLE "mainapp_csvbulkupload" ("id" serial NOT NULL PRIMARY KEY, "name" varchar(20) NOT NULL, "csv_file" varchar(100) NOT NULL, "is_completed" boolean NOT NULL, "failure_reason" varchar(150) NOT NULL); (params None)
[26/Oct/2018 04:01:47] DEBUG [django.db.backends.schema:124] CREATE TABLE "mainapp_datacollection" ("id" serial NOT NULL PRIMARY KEY, "created_at" timestamp with time zone NOT NULL, "document_name" varchar(255) NULL, "document" varchar(100) NOT NULL, "tag" varchar(255) NULL); (params None)
[26/Oct/2018 04:01:47] DEBUG [django.db.backends.schema:124] CREATE TABLE "mainapp_districtcollection" ("id" serial NOT NULL PRIMARY KEY, "district" varchar(15) NOT NULL, "collection" text NOT NULL); (params None)
[26/Oct/2018 04:01:48] DEBUG [django.db.backends.schema:124] CREATE TABLE "mainapp_districtmanager" ("id" serial NOT NULL PRIMARY KEY, "district" varchar(15) NOT NULL, "name" varchar(100) NOT NULL, "phone" varchar(11) NOT NULL, "email" varchar(100) NOT NULL); (params None)
[26/Oct/2018 04:01:48] DEBUG [django.db.backends.schema:124] CREATE TABLE "mainapp_districtneed" ("id" serial NOT NULL PRIMARY KEY, "district" varchar(15) NOT NULL, "needs" text NOT NULL, "cnandpts" text NOT NULL); (params None)
[26/Oct/2018 04:01:48] DEBUG [django.db.backends.schema:124] CREATE TABLE "mainapp_ngo" ("id" serial NOT NULL PRIMARY KEY, "district" varchar(15) NOT NULL, "organisation" varchar(250) NOT NULL, "organisation_type" varchar(250) NOT NULL, "organisation_address" text NOT NULL, "name" varchar(100) NOT NULL, "phone" varchar(17) NOT NULL, "description" text NOT NULL, "area" text NOT NULL, "location" varchar(500) NOT NULL, "website_url" varchar(300) NOT NULL, "is_spoc" boolean NOT NULL, "joined" timestamp with time zone NOT NULL); (params None)
[26/Oct/2018 04:01:48] DEBUG [django.db.backends.schema:124] CREATE TABLE "mainapp_person" ("id" serial NOT NULL PRIMARY KEY, "name" varchar(51) NOT NULL, "phone" varchar(14) NULL, "age" integer NULL, "gender" integer NULL, "address" text NULL, "district" varchar(15) NULL, "notes" text NULL, "added_at" timestamp with time zone NOT NULL, "checkin_date" date NULL, "checkout_date" date NULL, "status" varchar(15) NULL, "unique_identifier" varchar(32) NOT NULL, "is_dup" boolean NOT NULL); (params None)
[26/Oct/2018 04:01:48] DEBUG [django.db.backends.schema:124] CREATE TABLE "mainapp_privaterescuecamp" ("id" serial NOT NULL PRIMARY KEY, "name" varchar(50) NOT NULL, "location" text NULL, "district" varchar(15) NOT NULL, "lsg_name" varchar(150) NULL, "ward_name" varchar(150) NULL, "contacts" text NULL, "facilities_available" text NULL, "map_link" varchar(250) NULL, "latlng" varchar(100) NOT NULL, "total_people" integer NULL, "total_males" integer NULL, "total_females" integer NULL, "total_infants" integer NULL, "food_req" text NULL, "clothing_req" text NULL, "sanitary_req" text NULL, "medical_req" text NULL, "other_req" text NULL, "status" varchar(10) NOT NULL); (params None)
[26/Oct/2018 04:01:48] DEBUG [django.db.backends.schema:124] CREATE TABLE "mainapp_request" ("id" serial NOT NULL PRIMARY KEY, "district" varchar(15) NOT NULL, "location" varchar(500) NOT NULL, "requestee" varchar(100) NOT NULL, "requestee_phone" varchar(14) NOT NULL, "latlng" varchar(100) NOT NULL, "latlng_accuracy" varchar(100) NOT NULL, "is_request_for_others" boolean NOT NULL, "needwater" boolean NOT NULL, "needfood" boolean NOT NULL, "needcloth" boolean NOT NULL, "needmed" boolean NOT NULL, "needtoilet" boolean NOT NULL, "needkit_util" boolean NOT NULL, "needrescue" boolean NOT NULL, "detailwater" varchar(250) NOT NULL, "detailfood" varchar(250) NOT NULL, "detailcloth" varchar(250) NOT NULL, "detailmed" varchar(250) NOT NULL, "detailtoilet" varchar(250) NOT NULL, "detailkit_util" varchar(250) NOT NULL, "detailrescue" varchar(250) NOT NULL, "needothers" varchar(500) NOT NULL, "status" varchar(10) NOT NULL, "supply_details" varchar(100) NOT NULL, "dateadded" timestamp with time zone NOT NULL); (params None)
[26/Oct/2018 04:01:48] DEBUG [django.db.backends.schema:124] CREATE TABLE "mainapp_requestupdate" ("id" serial NOT NULL PRIMARY KEY, "status" varchar(10) NOT NULL, "other_status" varchar(255) NOT NULL, "updater_name" varchar(100) NOT NULL, "updater_phone" varchar(14) NOT NULL, "notes" text NOT NULL, "update_ts" timestamp with time zone NOT NULL, "request_id" integer NOT NULL); (params None)
[26/Oct/2018 04:01:48] DEBUG [django.db.backends.schema:124] CREATE TABLE "mainapp_rescuecamp" ("id" serial NOT NULL PRIMARY KEY, "name" varchar(50) NOT NULL, "location" text NULL, "district" varchar(15) NOT NULL, "taluk" varchar(50) NOT NULL, "village" varchar(50) NOT NULL, "contacts" text NULL, "facilities_available" text NULL, "map_link" varchar(250) NULL, "latlng" varchar(100) NOT NULL, "total_people" integer NULL, "total_males" integer NULL, "total_females" integer NULL, "total_infants" integer NULL, "food_req" text NULL, "clothing_req" text NULL, "sanitary_req" text NULL, "medical_req" text NULL, "other_req" text NULL, "status" varchar(10) NOT NULL, "data_entry_user_id" integer NULL); (params None)
[26/Oct/2018 04:01:48] DEBUG [django.db.backends.schema:124] CREATE TABLE "mainapp_volunteer" ("id" serial NOT NULL PRIMARY KEY, "district" varchar(15) NOT NULL, "name" varchar(100) NOT NULL, "phone" varchar(14) NOT NULL, "organisation" varchar(250) NOT NULL, "address" text NOT NULL, "area" varchar(15) NOT NULL, "is_spoc" boolean NOT NULL, "joined" timestamp with time zone NOT NULL, "is_active" boolean NOT NULL, "has_consented" boolean NOT NULL); (params None)
[26/Oct/2018 04:01:48] DEBUG [django.db.backends.schema:124] ALTER TABLE "mainapp_person" ADD COLUMN "camped_at_id" integer NOT NULL; (params [])
[26/Oct/2018 04:01:48] DEBUG [django.db.backends.schema:124] ALTER TABLE "mainapp_csvbulkupload" ADD COLUMN "camp_id" integer NOT NULL; (params [])
[26/Oct/2018 04:01:48] DEBUG [django.db.backends.schema:124] CREATE INDEX "mainapp_per_name_65f623_idx" ON "mainapp_person" ("name", "added_at"DESC); (params ())
[26/Oct/2018 04:01:48] DEBUG [django.db.backends.schema:124] ALTER TABLE "mainapp_requestupdate" ADD CONSTRAINT "mainapp_requestupdate_request_id_b2c3a21c_fk_mainapp_request_id" FOREIGN KEY ("request_id") REFERENCES "mainapp_request" ("id") DEFERRABLE INITIALLY DEFERRED; (params ())
[26/Oct/2018 04:01:48] DEBUG [django.db.backends.schema:124] CREATE INDEX "mainapp_requestupdate_request_id_b2c3a21c" ON "mainapp_requestupdate" ("request_id"); (params ())
[26/Oct/2018 04:01:49] DEBUG [django.db.backends.schema:124] ALTER TABLE "mainapp_rescuecamp" ADD CONSTRAINT "mainapp_rescuecamp_data_entry_user_id_e157fec3_fk_auth_user_id" FOREIGN KEY ("data_entry_user_id") REFERENCES "auth_user" ("id") DEFERRABLE INITIALLY DEFERRED; (params ())
[26/Oct/2018 04:01:49] DEBUG [django.db.backends.schema:124] CREATE INDEX "mainapp_rescuecamp_data_entry_user_id_e157fec3" ON "mainapp_rescuecamp" ("data_entry_user_id"); (params ())
[26/Oct/2018 04:01:49] DEBUG [django.db.backends.schema:124] CREATE INDEX "mainapp_person_camped_at_id_21fdb684" ON "mainapp_person" ("camped_at_id"); (params ())
[26/Oct/2018 04:01:49] DEBUG [django.db.backends.schema:124] ALTER TABLE "mainapp_person" ADD CONSTRAINT "mainapp_person_camped_at_id_21fdb684_fk_mainapp_rescuecamp_id" FOREIGN KEY ("camped_at_id") REFERENCES "mainapp_rescuecamp" ("id") DEFERRABLE INITIALLY DEFERRED; (params ())
[26/Oct/2018 04:01:49] DEBUG [django.db.backends.schema:124] CREATE INDEX "mainapp_csvbulkupload_camp_id_89a3ace1" ON "mainapp_csvbulkupload" ("camp_id"); (params ())
[26/Oct/2018 04:01:49] DEBUG [django.db.backends.schema:124] ALTER TABLE "mainapp_csvbulkupload" ADD CONSTRAINT "mainapp_csvbulkupload_camp_id_89a3ace1_fk_mainapp_rescuecamp_id" FOREIGN KEY ("camp_id") REFERENCES "mainapp_rescuecamp" ("id") DEFERRABLE INITIALLY DEFERRED; (params ())
[26/Oct/2018 04:01:49] DEBUG [django.db.backends.schema:124] CREATE TABLE "django_session" ("session_key" varchar(40) NOT NULL PRIMARY KEY, "session_data" text NOT NULL, "expire_date" timestamp with time zone NOT NULL); (params None)
[26/Oct/2018 04:01:49] DEBUG [django.db.backends.schema:124] CREATE INDEX "django_session_session_key_c0390e0f_like" ON "django_session" ("session_key" varchar_pattern_ops); (params ())
[26/Oct/2018 04:01:49] DEBUG [django.db.backends.schema:124] CREATE INDEX "django_session_expire_date_a5c62663" ON "django_session" ("expire_date"); (params ())
